Switching to group 'render' and re-executing...
True
Checking GPU Availability...
Torch version: 2.10.0+rocm7.1
Is ROCm/CUDA available?: True
Device count: 1
-------------------------------------------
Processing dataset: 
Traceback (most recent call last):
  File "/mnt/ASC1664/run_workspace/unifolm-world-model-action/scripts/evaluation/world_model_interaction.py", line 2, in <module>
    import pandas as pd
  File "/mnt/ASC1664/miniconda3/envs/unifolm-wma_run/lib/python3.10/site-packages/pandas/__init__.py", line 22, in <module>
    from pandas.compat import is_numpy_dev as _is_numpy_dev  # pyright: ignore # noqa:F401
  File "/mnt/ASC1664/miniconda3/envs/unifolm-wma_run/lib/python3.10/site-packages/pandas/compat/__init__.py", line 25, in <module>
    from pandas.compat.numpy import (
  File "/mnt/ASC1664/miniconda3/envs/unifolm-wma_run/lib/python3.10/site-packages/pandas/compat/numpy/__init__.py", line 4, in <module>
    from pandas.util.version import Version
  File "/mnt/ASC1664/miniconda3/envs/unifolm-wma_run/lib/python3.10/site-packages/pandas/util/__init__.py", line 2, in <module>
    from pandas.util._decorators import (  # noqa:F401
  File "/mnt/ASC1664/miniconda3/envs/unifolm-wma_run/lib/python3.10/site-packages/pandas/util/_decorators.py", line 14, in <module>
    from pandas._libs.properties import cache_readonly
  File "/mnt/ASC1664/miniconda3/envs/unifolm-wma_run/lib/python3.10/site-packages/pandas/_libs/__init__.py", line 13, in <module>
    from pandas._libs.interval import Interval
  File "pandas/_libs/interval.pyx", line 1, in init pandas._libs.interval
ValueError: numpy.dtype size changed, may indicate binary incompatibility. Expected 96 from C header, got 88 from PyObject
All jobs completed!
